<?xml version="1.0" encoding="UTF-8"?>
<!-- Generated by org.testng.reporters.JUnitReportReporter -->
<testsuite hostname="DESKTOP-DM2MH5S" failures="0" tests="1" name="com.ictak.script.TestClass" time="0.936" errors="0" timestamp="2022-12-05T23:18:56 IST" skipped="0">
  <testcase classname="com.ictak.script.TestClass" name="verifyhomepage" time="0.936"/>
  <system-out/>
</testsuite> <!-- com.ictak.script.TestClass -->
